Performing C++ SOURCE FILE Test CMAKE_HAVE_LIBC_PTHREAD failed with the following output:
Change Dir: /home/focus/Workspace/Development/App-chat/build/CMakeFiles/CMakeTmp

Run Build Command(s):/usr/bin/make cmTC_a94c6/fast && /usr/bin/make  -f CMakeFiles/cmTC_a94c6.dir/build.make CMakeFiles/cmTC_a94c6.dir/build
make[1]: вход в каталог «/home/focus/Workspace/Development/App-chat/build/CMakeFiles/CMakeTmp»
Building CXX object CMakeFiles/cmTC_a94c6.dir/src.cxx.o
/usr/bin/g++    -Wall -Wextra -Wpedantic -DCMAKE_HAVE_LIBC_PTHREAD   -o CMakeFiles/cmTC_a94c6.dir/src.cxx.o -c /home/focus/Workspace/Development/App-chat/build/CMakeFiles/CMakeTmp/src.cxx
Linking CXX executable cmTC_a94c6
/home/focus/Qt/Tools/CMake/bin/cmake -E cmake_link_script CMakeFiles/cmTC_a94c6.dir/link.txt --verbose=1
/usr/bin/g++   -Wall -Wextra -Wpedantic -DCMAKE_HAVE_LIBC_PTHREAD    CMakeFiles/cmTC_a94c6.dir/src.cxx.o  -o cmTC_a94c6 
CMakeFiles/cmTC_a94c6.dir/src.cxx.o: In function `main':
src.cxx:(.text+0x3e): undefined reference to `pthread_create'
src.cxx:(.text+0x4a): undefined reference to `pthread_detach'
src.cxx:(.text+0x56): undefined reference to `pthread_cancel'
src.cxx:(.text+0x67): undefined reference to `pthread_join'
src.cxx:(.text+0x7b): undefined reference to `pthread_atfork'
collect2: error: ld returned 1 exit status
CMakeFiles/cmTC_a94c6.dir/build.make:106: recipe for target 'cmTC_a94c6' failed
make[1]: *** [cmTC_a94c6] Error 1
make[1]: выход из каталога «/home/focus/Workspace/Development/App-chat/build/CMakeFiles/CMakeTmp»
Makefile:141: recipe for target 'cmTC_a94c6/fast' failed
make: *** [cmTC_a94c6/fast] Error 2


Source file was:
#include <pthread.h>

void* test_func(void* data)
{
  return data;
}

int main(void)
{
  pthread_t thread;
  pthread_create(&thread, NULL, test_func, NULL);
  pthread_detach(thread);
  pthread_cancel(thread);
  pthread_join(thread, NULL);
  pthread_atfork(NULL, NULL, NULL);
  pthread_exit(NULL);

  return 0;
}

Determining if the function pthread_create exists in the pthreads failed with the following output:
Change Dir: /home/focus/Workspace/Development/App-chat/build/CMakeFiles/CMakeTmp

Run Build Command(s):/usr/bin/make cmTC_829f5/fast && /usr/bin/make  -f CMakeFiles/cmTC_829f5.dir/build.make CMakeFiles/cmTC_829f5.dir/build
make[1]: вход в каталог «/home/focus/Workspace/Development/App-chat/build/CMakeFiles/CMakeTmp»
Building CXX object CMakeFiles/cmTC_829f5.dir/CheckFunctionExists.cxx.o
/usr/bin/g++    -Wall -Wextra -Wpedantic -DCHECK_FUNCTION_EXISTS=pthread_create   -o CMakeFiles/cmTC_829f5.dir/CheckFunctionExists.cxx.o -c /home/focus/Workspace/Development/App-chat/build/CMakeFiles/CheckLibraryExists/CheckFunctionExists.cxx
Linking CXX executable cmTC_829f5
/home/focus/Qt/Tools/CMake/bin/cmake -E cmake_link_script CMakeFiles/cmTC_829f5.dir/link.txt --verbose=1
/usr/bin/g++   -Wall -Wextra -Wpedantic -DCHECK_FUNCTION_EXISTS=pthread_create    CMakeFiles/cmTC_829f5.dir/CheckFunctionExists.cxx.o  -o cmTC_829f5  -lpthreads 
/usr/bin/ld: cannot find -lpthreads
collect2: error: ld returned 1 exit status
CMakeFiles/cmTC_829f5.dir/build.make:106: recipe for target 'cmTC_829f5' failed
make[1]: *** [cmTC_829f5] Error 1
make[1]: выход из каталога «/home/focus/Workspace/Development/App-chat/build/CMakeFiles/CMakeTmp»
Makefile:141: recipe for target 'cmTC_829f5/fast' failed
make: *** [cmTC_829f5/fast] Error 2



